{"/home/millena/www/personal/courses/metodo-tajs/modulo03-conceitos-tajs/aula06-e2e-tests/src/index.js": {"path":"/home/millena/www/personal/courses/metodo-tajs/modulo03-conceitos-tajs/aula06-e2e-tests/src/index.js","all":false,"statementMap":{"0":{"start":{"line":1,"column":0},"end":{"line":1,"column":32}},"1":{"start":{"line":2,"column":0},"end":{"line":2,"column":0}},"2":{"start":{"line":3,"column":0},"end":{"line":3,"column":37}},"3":{"start":{"line":4,"column":0},"end":{"line":4,"column":41}},"4":{"start":{"line":5,"column":0},"end":{"line":5,"column":39}},"5":{"start":{"line":6,"column":0},"end":{"line":6,"column":0}},"6":{"start":{"line":7,"column":0},"end":{"line":7,"column":80}},"7":{"start":{"line":8,"column":0},"end":{"line":8,"column":4}},"8":{"start":{"line":9,"column":0},"end":{"line":9,"column":1}},"9":{"start":{"line":10,"column":0},"end":{"line":10,"column":0}},"10":{"start":{"line":11,"column":0},"end":{"line":11,"column":21}}},"s":{"0":1,"1":1,"2":1,"3":1,"4":1,"5":1,"6":1,"7":1,"8":1,"9":1,"10":1},"branchMap":{"0":{"type":"branch","line":4,"loc":{"start":{"line":4,"column":34},"end":{"line":8,"column":3}},"locations":[{"start":{"line":4,"column":34},"end":{"line":8,"column":3}}]}},"b":{"0":[1]},"fnMap":{},"f":{}}
,"/home/millena/www/personal/courses/metodo-tajs/modulo03-conceitos-tajs/aula06-e2e-tests/src/person.js": {"path":"/home/millena/www/personal/courses/metodo-tajs/modulo03-conceitos-tajs/aula06-e2e-tests/src/person.js","all":false,"statementMap":{"0":{"start":{"line":1,"column":0},"end":{"line":1,"column":14}},"1":{"start":{"line":2,"column":0},"end":{"line":2,"column":27}},"2":{"start":{"line":3,"column":0},"end":{"line":3,"column":57}},"3":{"start":{"line":4,"column":0},"end":{"line":4,"column":55}},"4":{"start":{"line":5,"column":0},"end":{"line":5,"column":3}},"5":{"start":{"line":6,"column":0},"end":{"line":6,"column":0}},"6":{"start":{"line":7,"column":0},"end":{"line":7,"column":25}},"7":{"start":{"line":8,"column":0},"end":{"line":8,"column":54}},"8":{"start":{"line":9,"column":0},"end":{"line":9,"column":0}},"9":{"start":{"line":10,"column":0},"end":{"line":10,"column":12}},"10":{"start":{"line":11,"column":0},"end":{"line":11,"column":11}},"11":{"start":{"line":12,"column":0},"end":{"line":12,"column":35}},"12":{"start":{"line":13,"column":0},"end":{"line":13,"column":40}},"13":{"start":{"line":14,"column":0},"end":{"line":14,"column":5}},"14":{"start":{"line":15,"column":0},"end":{"line":15,"column":3}},"15":{"start":{"line":16,"column":0},"end":{"line":16,"column":0}},"16":{"start":{"line":17,"column":0},"end":{"line":17,"column":23}},"17":{"start":{"line":18,"column":0},"end":{"line":18,"column":66}},"18":{"start":{"line":19,"column":0},"end":{"line":19,"column":77}},"19":{"start":{"line":20,"column":0},"end":{"line":20,"column":5}},"20":{"start":{"line":21,"column":0},"end":{"line":21,"column":0}},"21":{"start":{"line":22,"column":0},"end":{"line":22,"column":49}},"22":{"start":{"line":23,"column":0},"end":{"line":23,"column":3}},"23":{"start":{"line":24,"column":0},"end":{"line":24,"column":0}},"24":{"start":{"line":25,"column":0},"end":{"line":25,"column":26}},"25":{"start":{"line":26,"column":0},"end":{"line":26,"column":25}},"26":{"start":{"line":27,"column":0},"end":{"line":27,"column":0}},"27":{"start":{"line":28,"column":0},"end":{"line":28,"column":47}},"28":{"start":{"line":29,"column":0},"end":{"line":29,"column":0}},"29":{"start":{"line":30,"column":0},"end":{"line":30,"column":30}},"30":{"start":{"line":31,"column":0},"end":{"line":31,"column":0}},"31":{"start":{"line":32,"column":0},"end":{"line":32,"column":15}},"32":{"start":{"line":33,"column":0},"end":{"line":33,"column":3}},"33":{"start":{"line":34,"column":0},"end":{"line":34,"column":1}},"34":{"start":{"line":35,"column":0},"end":{"line":35,"column":0}},"35":{"start":{"line":36,"column":0},"end":{"line":36,"column":62}},"36":{"start":{"line":37,"column":0},"end":{"line":37,"column":0}},"37":{"start":{"line":38,"column":0},"end":{"line":38,"column":21}}},"s":{"0":1,"1":1,"2":4,"3":4,"4":4,"5":1,"6":1,"7":2,"8":2,"9":2,"10":2,"11":2,"12":2,"13":2,"14":2,"15":1,"16":1,"17":2,"18":1,"19":1,"20":1,"21":1,"22":1,"23":1,"24":1,"25":4,"26":4,"27":4,"28":4,"29":4,"30":4,"31":4,"32":4,"33":1,"34":1,"35":1,"36":1,"37":1},"branchMap":{"0":{"type":"branch","line":2,"loc":{"start":{"line":2,"column":9},"end":{"line":5,"column":3}},"locations":[{"start":{"line":2,"column":9},"end":{"line":5,"column":3}}]},"1":{"type":"branch","line":3,"loc":{"start":{"line":3,"column":22},"end":{"line":3,"column":57}},"locations":[{"start":{"line":3,"column":22},"end":{"line":3,"column":57}}]},"2":{"type":"branch","line":4,"loc":{"start":{"line":4,"column":-1},"end":{"line":4,"column":21}},"locations":[{"start":{"line":4,"column":-1},"end":{"line":4,"column":21}}]},"3":{"type":"branch","line":4,"loc":{"start":{"line":4,"column":21},"end":{"line":4,"column":55}},"locations":[{"start":{"line":4,"column":21},"end":{"line":4,"column":55}}]},"4":{"type":"branch","line":7,"loc":{"start":{"line":7,"column":9},"end":{"line":15,"column":3}},"locations":[{"start":{"line":7,"column":9},"end":{"line":15,"column":3}}]},"5":{"type":"branch","line":17,"loc":{"start":{"line":17,"column":9},"end":{"line":23,"column":3}},"locations":[{"start":{"line":17,"column":9},"end":{"line":23,"column":3}}]},"6":{"type":"branch","line":18,"loc":{"start":{"line":18,"column":65},"end":{"line":23,"column":3}},"locations":[{"start":{"line":18,"column":65},"end":{"line":23,"column":3}}]},"7":{"type":"branch","line":18,"loc":{"start":{"line":18,"column":42},"end":{"line":18,"column":62}},"locations":[{"start":{"line":18,"column":42},"end":{"line":18,"column":62}}]},"8":{"type":"branch","line":25,"loc":{"start":{"line":25,"column":9},"end":{"line":33,"column":3}},"locations":[{"start":{"line":25,"column":9},"end":{"line":33,"column":3}}]}},"b":{"0":[4],"1":[1],"2":[3],"3":[1],"4":[2],"5":[2],"6":[1],"7":[5],"8":[4]},"fnMap":{"0":{"name":"validate","decl":{"start":{"line":2,"column":9},"end":{"line":5,"column":3}},"loc":{"start":{"line":2,"column":9},"end":{"line":5,"column":3}},"line":2},"1":{"name":"format","decl":{"start":{"line":7,"column":9},"end":{"line":15,"column":3}},"loc":{"start":{"line":7,"column":9},"end":{"line":15,"column":3}},"line":7},"2":{"name":"save","decl":{"start":{"line":17,"column":9},"end":{"line":23,"column":3}},"loc":{"start":{"line":17,"column":9},"end":{"line":23,"column":3}},"line":17},"3":{"name":"process","decl":{"start":{"line":25,"column":9},"end":{"line":33,"column":3}},"loc":{"start":{"line":25,"column":9},"end":{"line":33,"column":3}},"line":25}},"f":{"0":4,"1":2,"2":2,"3":4}}
,"/home/millena/www/personal/courses/metodo-tajs/modulo03-conceitos-tajs/aula06-e2e-tests/src/server.js": {"path":"/home/millena/www/personal/courses/metodo-tajs/modulo03-conceitos-tajs/aula06-e2e-tests/src/server.js","all":false,"statementMap":{"0":{"start":{"line":1,"column":0},"end":{"line":1,"column":40}},"1":{"start":{"line":2,"column":0},"end":{"line":2,"column":34}},"2":{"start":{"line":3,"column":0},"end":{"line":3,"column":32}},"3":{"start":{"line":4,"column":0},"end":{"line":4,"column":0}},"4":{"start":{"line":5,"column":0},"end":{"line":5,"column":58}},"5":{"start":{"line":6,"column":0},"end":{"line":6,"column":66}},"6":{"start":{"line":7,"column":0},"end":{"line":7,"column":31}},"7":{"start":{"line":8,"column":0},"end":{"line":8,"column":22}},"8":{"start":{"line":9,"column":0},"end":{"line":9,"column":15}},"9":{"start":{"line":10,"column":0},"end":{"line":10,"column":5}},"10":{"start":{"line":11,"column":0},"end":{"line":11,"column":0}},"11":{"start":{"line":12,"column":0},"end":{"line":12,"column":9}},"12":{"start":{"line":13,"column":0},"end":{"line":13,"column":61}},"13":{"start":{"line":14,"column":0},"end":{"line":14,"column":55}},"14":{"start":{"line":15,"column":0},"end":{"line":15,"column":55}},"15":{"start":{"line":16,"column":0},"end":{"line":16,"column":0}},"16":{"start":{"line":17,"column":0},"end":{"line":17,"column":21}},"17":{"start":{"line":18,"column":0},"end":{"line":18,"column":48}},"18":{"start":{"line":19,"column":0},"end":{"line":19,"column":35}},"19":{"start":{"line":20,"column":0},"end":{"line":20,"column":27}},"20":{"start":{"line":21,"column":0},"end":{"line":21,"column":32}},"21":{"start":{"line":22,"column":0},"end":{"line":22,"column":50}},"22":{"start":{"line":23,"column":0},"end":{"line":23,"column":18}},"23":{"start":{"line":24,"column":0},"end":{"line":24,"column":13}},"24":{"start":{"line":25,"column":0},"end":{"line":25,"column":26}},"25":{"start":{"line":26,"column":0},"end":{"line":26,"column":19}},"26":{"start":{"line":27,"column":0},"end":{"line":27,"column":9}},"27":{"start":{"line":28,"column":0},"end":{"line":28,"column":0}},"28":{"start":{"line":29,"column":0},"end":{"line":29,"column":40}},"29":{"start":{"line":30,"column":0},"end":{"line":30,"column":31}},"30":{"start":{"line":31,"column":0},"end":{"line":31,"column":22}},"31":{"start":{"line":32,"column":0},"end":{"line":32,"column":5}},"32":{"start":{"line":33,"column":0},"end":{"line":33,"column":0}},"33":{"start":{"line":34,"column":0},"end":{"line":34,"column":2}},"34":{"start":{"line":35,"column":0},"end":{"line":35,"column":0}},"35":{"start":{"line":36,"column":0},"end":{"line":36,"column":21}}},"s":{"0":1,"1":1,"2":1,"3":1,"4":1,"5":5,"6":1,"7":1,"8":1,"9":1,"10":4,"11":4,"12":4,"13":4,"14":4,"15":4,"16":5,"17":3,"18":2,"19":2,"20":2,"21":2,"22":2,"23":2,"24":2,"25":2,"26":2,"27":1,"28":1,"29":1,"30":1,"31":1,"32":5,"33":5,"34":1,"35":1},"branchMap":{"0":{"type":"branch","line":5,"loc":{"start":{"line":5,"column":28},"end":{"line":34,"column":2}},"locations":[{"start":{"line":5,"column":28},"end":{"line":34,"column":2}}]},"1":{"type":"branch","line":6,"loc":{"start":{"line":6,"column":65},"end":{"line":10,"column":5}},"locations":[{"start":{"line":6,"column":65},"end":{"line":10,"column":5}}]},"2":{"type":"branch","line":10,"loc":{"start":{"line":10,"column":4},"end":{"line":17,"column":6}},"locations":[{"start":{"line":10,"column":4},"end":{"line":17,"column":6}}]},"3":{"type":"branch","line":17,"loc":{"start":{"line":17,"column":6},"end":{"line":32,"column":5}},"locations":[{"start":{"line":17,"column":6},"end":{"line":32,"column":5}}]},"4":{"type":"branch","line":18,"loc":{"start":{"line":18,"column":47},"end":{"line":27,"column":9}},"locations":[{"start":{"line":18,"column":47},"end":{"line":27,"column":9}}]},"5":{"type":"branch","line":27,"loc":{"start":{"line":27,"column":8},"end":{"line":32,"column":5}},"locations":[{"start":{"line":27,"column":8},"end":{"line":32,"column":5}}]}},"b":{"0":[5],"1":[1],"2":[4],"3":[3],"4":[2],"5":[1]},"fnMap":{},"f":{}}
}
