<?xml version="1.0" encoding="UTF-8"?>
<coverage generated="1708511223487" clover="3.2.0">
  <project timestamp="1708511223487" name="All files">
    <metrics statements="37" coveredstatements="37" conditionals="10" coveredconditionals="10" methods="4" coveredmethods="4" elements="51" coveredelements="51" complexity="0" loc="37" ncloc="37" packages="1" files="2" classes="2"/>
    <file name="person.js" path="/home/millena/www/personal/courses/metodo-tajs/modulo03-conceitos-tajs/aula05-code-coverage/src/person.js">
      <metrics statements="9" coveredstatements="9" conditionals="1" coveredconditionals="1" methods="1" coveredmethods="1"/>
      <line num="1" count="1" type="cond" truecount="1" falsecount="0"/>
      <line num="2" count="3" type="stmt"/>
      <line num="3" count="3" type="stmt"/>
      <line num="4" count="3" type="stmt"/>
      <line num="5" count="3" type="stmt"/>
      <line num="6" count="3" type="stmt"/>
      <line num="7" count="3" type="stmt"/>
      <line num="8" count="3" type="stmt"/>
      <line num="9" count="3" type="stmt"/>
    </file>
    <file name="task.js" path="/home/millena/www/personal/courses/metodo-tajs/modulo03-conceitos-tajs/aula05-code-coverage/src/task.js">
      <metrics statements="28" coveredstatements="28" conditionals="9" coveredconditionals="9" methods="3" coveredmethods="3"/>
      <line num="1" count="1" type="cond" truecount="1" falsecount="0"/>
      <line num="2" count="2" type="stmt"/>
      <line num="3" count="2" type="stmt"/>
      <line num="4" count="2" type="cond" truecount="1" falsecount="0"/>
      <line num="5" count="3" type="stmt"/>
      <line num="6" count="3" type="stmt"/>
      <line num="7" count="3" type="stmt"/>
      <line num="8" count="3" type="stmt"/>
      <line num="9" count="2" type="stmt"/>
      <line num="10" count="2" type="cond" truecount="1" falsecount="0"/>
      <line num="11" count="2" type="cond" truecount="1" falsecount="0"/>
      <line num="12" count="76" type="stmt"/>
      <line num="13" count="76" type="stmt"/>
      <line num="14" count="76" type="cond" truecount="1" falsecount="0"/>
      <line num="15" count="1" type="stmt"/>
      <line num="16" count="1" type="stmt"/>
      <line num="17" count="1" type="stmt"/>
      <line num="18" count="1" type="cond" truecount="1" falsecount="0"/>
      <line num="19" count="75" type="stmt"/>
      <line num="20" count="76" type="cond" truecount="1" falsecount="0"/>
      <line num="21" count="100" type="cond" truecount="1" falsecount="0"/>
      <line num="22" count="3" type="stmt"/>
      <line num="23" count="3" type="stmt"/>
      <line num="24" count="3" type="stmt"/>
      <line num="25" count="100" type="cond" truecount="1" falsecount="0"/>
      <line num="26" count="2" type="stmt"/>
      <line num="27" count="2" type="stmt"/>
      <line num="28" count="2" type="stmt"/>
    </file>
  </project>
</coverage>
