{"/home/millena/www/personal/courses/metodo-tajs/modulo03-conceitos-tajs/aula05-code-coverage/src/person.js": {"path":"/home/millena/www/personal/courses/metodo-tajs/modulo03-conceitos-tajs/aula05-code-coverage/src/person.js","all":false,"statementMap":{"0":{"start":{"line":1,"column":0},"end":{"line":1,"column":38}},"1":{"start":{"line":2,"column":0},"end":{"line":2,"column":45}},"2":{"start":{"line":3,"column":0},"end":{"line":3,"column":0}},"3":{"start":{"line":4,"column":0},"end":{"line":4,"column":9}},"4":{"start":{"line":5,"column":0},"end":{"line":5,"column":10}},"5":{"start":{"line":6,"column":0},"end":{"line":6,"column":8}},"6":{"start":{"line":7,"column":0},"end":{"line":7,"column":25}},"7":{"start":{"line":8,"column":0},"end":{"line":8,"column":3}},"8":{"start":{"line":9,"column":0},"end":{"line":9,"column":1}}},"s":{"0":1,"1":3,"2":3,"3":3,"4":3,"5":3,"6":3,"7":3,"8":3},"branchMap":{"0":{"type":"branch","line":1,"loc":{"start":{"line":1,"column":7},"end":{"line":9,"column":1}},"locations":[{"start":{"line":1,"column":7},"end":{"line":9,"column":1}}]}},"b":{"0":[3]},"fnMap":{"0":{"name":"mapPerson","decl":{"start":{"line":1,"column":7},"end":{"line":9,"column":1}},"loc":{"start":{"line":1,"column":7},"end":{"line":9,"column":1}},"line":1}},"f":{"0":3}}
,"/home/millena/www/personal/courses/metodo-tajs/modulo03-conceitos-tajs/aula05-code-coverage/src/task.js": {"path":"/home/millena/www/personal/courses/metodo-tajs/modulo03-conceitos-tajs/aula05-code-coverage/src/task.js","all":false,"statementMap":{"0":{"start":{"line":1,"column":0},"end":{"line":1,"column":27}},"1":{"start":{"line":2,"column":0},"end":{"line":2,"column":20}},"2":{"start":{"line":3,"column":0},"end":{"line":3,"column":0}},"3":{"start":{"line":4,"column":0},"end":{"line":4,"column":29}},"4":{"start":{"line":5,"column":0},"end":{"line":5,"column":86}},"5":{"start":{"line":6,"column":0},"end":{"line":6,"column":0}},"6":{"start":{"line":7,"column":0},"end":{"line":7,"column":40}},"7":{"start":{"line":8,"column":0},"end":{"line":8,"column":3}},"8":{"start":{"line":9,"column":0},"end":{"line":9,"column":0}},"9":{"start":{"line":10,"column":0},"end":{"line":10,"column":16}},"10":{"start":{"line":11,"column":0},"end":{"line":11,"column":42}},"11":{"start":{"line":12,"column":0},"end":{"line":12,"column":28}},"12":{"start":{"line":13,"column":0},"end":{"line":13,"column":0}},"13":{"start":{"line":14,"column":0},"end":{"line":14,"column":35}},"14":{"start":{"line":15,"column":0},"end":{"line":15,"column":37}},"15":{"start":{"line":16,"column":0},"end":{"line":16,"column":33}},"16":{"start":{"line":17,"column":0},"end":{"line":17,"column":14}},"17":{"start":{"line":18,"column":0},"end":{"line":18,"column":7}},"18":{"start":{"line":19,"column":0},"end":{"line":19,"column":0}},"19":{"start":{"line":20,"column":0},"end":{"line":20,"column":39}},"20":{"start":{"line":21,"column":0},"end":{"line":21,"column":32}},"21":{"start":{"line":22,"column":0},"end":{"line":22,"column":19}},"22":{"start":{"line":23,"column":0},"end":{"line":23,"column":34}},"23":{"start":{"line":24,"column":0},"end":{"line":24,"column":9}},"24":{"start":{"line":25,"column":0},"end":{"line":25,"column":7}},"25":{"start":{"line":26,"column":0},"end":{"line":26,"column":15}},"26":{"start":{"line":27,"column":0},"end":{"line":27,"column":3}},"27":{"start":{"line":28,"column":0},"end":{"line":28,"column":1}}},"s":{"0":1,"1":2,"2":2,"3":2,"4":3,"5":3,"6":3,"7":3,"8":2,"9":2,"10":2,"11":76,"12":76,"13":76,"14":1,"15":1,"16":1,"17":1,"18":75,"19":76,"20":100,"21":3,"22":3,"23":3,"24":100,"25":2,"26":2,"27":2},"branchMap":{"0":{"type":"branch","line":1,"loc":{"start":{"line":1,"column":15},"end":{"line":28,"column":1}},"locations":[{"start":{"line":1,"column":15},"end":{"line":28,"column":1}}]},"1":{"type":"branch","line":4,"loc":{"start":{"line":4,"column":2},"end":{"line":8,"column":3}},"locations":[{"start":{"line":4,"column":2},"end":{"line":8,"column":3}}]},"2":{"type":"branch","line":10,"loc":{"start":{"line":10,"column":2},"end":{"line":27,"column":3}},"locations":[{"start":{"line":10,"column":2},"end":{"line":27,"column":3}}]},"3":{"type":"branch","line":11,"loc":{"start":{"line":11,"column":35},"end":{"line":26,"column":5}},"locations":[{"start":{"line":11,"column":35},"end":{"line":26,"column":5}}]},"4":{"type":"branch","line":14,"loc":{"start":{"line":14,"column":34},"end":{"line":18,"column":7}},"locations":[{"start":{"line":14,"column":34},"end":{"line":18,"column":7}}]},"5":{"type":"branch","line":18,"loc":{"start":{"line":18,"column":6},"end":{"line":20,"column":38}},"locations":[{"start":{"line":18,"column":6},"end":{"line":20,"column":38}}]},"6":{"type":"branch","line":20,"loc":{"start":{"line":20,"column":38},"end":{"line":25,"column":7}},"locations":[{"start":{"line":20,"column":38},"end":{"line":25,"column":7}}]},"7":{"type":"branch","line":21,"loc":{"start":{"line":21,"column":31},"end":{"line":24,"column":9}},"locations":[{"start":{"line":21,"column":31},"end":{"line":24,"column":9}}]},"8":{"type":"branch","line":25,"loc":{"start":{"line":25,"column":6},"end":{"line":26,"column":5}},"locations":[{"start":{"line":25,"column":6},"end":{"line":26,"column":5}}]}},"b":{"0":[2],"1":[3],"2":[2],"3":[76],"4":[1],"5":[75],"6":[100],"7":[3],"8":[75]},"fnMap":{"0":{"name":"<instance_members_initializer>","decl":{"start":{"line":1,"column":15},"end":{"line":28,"column":1}},"loc":{"start":{"line":1,"column":15},"end":{"line":28,"column":1}},"line":1},"1":{"name":"save","decl":{"start":{"line":4,"column":2},"end":{"line":8,"column":3}},"loc":{"start":{"line":4,"column":2},"end":{"line":8,"column":3}},"line":4},"2":{"name":"run","decl":{"start":{"line":10,"column":2},"end":{"line":27,"column":3}},"loc":{"start":{"line":10,"column":2},"end":{"line":27,"column":3}},"line":10}},"f":{"0":2,"1":3,"2":2}}
}
