TN:
SF:src/person.js
FN:1,mapPerson
FNF:1
FNH:1
FNDA:3,mapPerson
DA:1,1
DA:2,3
DA:3,3
DA:4,3
DA:5,3
DA:6,3
DA:7,3
DA:8,3
DA:9,3
LF:9
LH:9
BRDA:1,0,0,3
BRF:1
BRH:1
end_of_record
TN:
SF:src/task.js
FN:1,<instance_members_initializer>
FN:4,save
FN:10,run
FNF:3
FNH:3
FNDA:2,<instance_members_initializer>
FNDA:3,save
FNDA:2,run
DA:1,1
DA:2,2
DA:3,2
DA:4,2
DA:5,3
DA:6,3
DA:7,3
DA:8,3
DA:9,2
DA:10,2
DA:11,2
DA:12,76
DA:13,76
DA:14,76
DA:15,1
DA:16,1
DA:17,1
DA:18,1
DA:19,75
DA:20,76
DA:21,100
DA:22,3
DA:23,3
DA:24,3
DA:25,100
DA:26,2
DA:27,2
DA:28,2
LF:28
LH:28
BRDA:1,0,0,2
BRDA:4,1,0,3
BRDA:10,2,0,2
BRDA:11,3,0,76
BRDA:14,4,0,1
BRDA:18,5,0,75
BRDA:20,6,0,100
BRDA:21,7,0,3
BRDA:25,8,0,75
BRF:9
BRH:9
end_of_record
